  Player.cpp
C:\Users\ebove\OneDrive\Escritorio\Videojocs\2DGame\02-Bubble\02-Bubble\Player.cpp(77,36): warning C4244: '-=': conversión de 'double' a 'T'; posible pérdida de datos
C:\Users\ebove\OneDrive\Escritorio\Videojocs\2DGame\02-Bubble\02-Bubble\Player.cpp(77,36): warning C4244:         with
C:\Users\ebove\OneDrive\Escritorio\Videojocs\2DGame\02-Bubble\02-Bubble\Player.cpp(77,36): warning C4244:         [
C:\Users\ebove\OneDrive\Escritorio\Videojocs\2DGame\02-Bubble\02-Bubble\Player.cpp(77,36): warning C4244:             T=int
C:\Users\ebove\OneDrive\Escritorio\Videojocs\2DGame\02-Bubble\02-Bubble\Player.cpp(77,36): warning C4244:         ]
C:\Users\ebove\OneDrive\Escritorio\Videojocs\2DGame\02-Bubble\02-Bubble\Player.cpp(80,37): warning C4244: '+=': conversión de 'double' a 'T'; posible pérdida de datos
C:\Users\ebove\OneDrive\Escritorio\Videojocs\2DGame\02-Bubble\02-Bubble\Player.cpp(80,37): warning C4244:         with
C:\Users\ebove\OneDrive\Escritorio\Videojocs\2DGame\02-Bubble\02-Bubble\Player.cpp(80,37): warning C4244:         [
C:\Users\ebove\OneDrive\Escritorio\Videojocs\2DGame\02-Bubble\02-Bubble\Player.cpp(80,37): warning C4244:             T=int
C:\Users\ebove\OneDrive\Escritorio\Videojocs\2DGame\02-Bubble\02-Bubble\Player.cpp(80,37): warning C4244:         ]
C:\Users\ebove\OneDrive\Escritorio\Videojocs\2DGame\02-Bubble\02-Bubble\Player.cpp(88,36): warning C4244: '+=': conversión de 'double' a 'T'; posible pérdida de datos
C:\Users\ebove\OneDrive\Escritorio\Videojocs\2DGame\02-Bubble\02-Bubble\Player.cpp(88,36): warning C4244:         with
C:\Users\ebove\OneDrive\Escritorio\Videojocs\2DGame\02-Bubble\02-Bubble\Player.cpp(88,36): warning C4244:         [
C:\Users\ebove\OneDrive\Escritorio\Videojocs\2DGame\02-Bubble\02-Bubble\Player.cpp(88,36): warning C4244:             T=int
C:\Users\ebove\OneDrive\Escritorio\Videojocs\2DGame\02-Bubble\02-Bubble\Player.cpp(88,36): warning C4244:         ]
C:\Users\ebove\OneDrive\Escritorio\Videojocs\2DGame\02-Bubble\02-Bubble\Player.cpp(91,37): warning C4244: '-=': conversión de 'double' a 'T'; posible pérdida de datos
C:\Users\ebove\OneDrive\Escritorio\Videojocs\2DGame\02-Bubble\02-Bubble\Player.cpp(91,37): warning C4244:         with
C:\Users\ebove\OneDrive\Escritorio\Videojocs\2DGame\02-Bubble\02-Bubble\Player.cpp(91,37): warning C4244:         [
C:\Users\ebove\OneDrive\Escritorio\Videojocs\2DGame\02-Bubble\02-Bubble\Player.cpp(91,37): warning C4244:             T=int
C:\Users\ebove\OneDrive\Escritorio\Videojocs\2DGame\02-Bubble\02-Bubble\Player.cpp(91,37): warning C4244:         ]
C:\Users\ebove\OneDrive\Escritorio\Videojocs\2DGame\02-Bubble\02-Bubble\Player.cpp(120,37): warning C4244: '+=': conversión de 'double' a 'T'; posible pérdida de datos
C:\Users\ebove\OneDrive\Escritorio\Videojocs\2DGame\02-Bubble\02-Bubble\Player.cpp(120,37): warning C4244:         with
C:\Users\ebove\OneDrive\Escritorio\Videojocs\2DGame\02-Bubble\02-Bubble\Player.cpp(120,37): warning C4244:         [
C:\Users\ebove\OneDrive\Escritorio\Videojocs\2DGame\02-Bubble\02-Bubble\Player.cpp(120,37): warning C4244:             T=int
C:\Users\ebove\OneDrive\Escritorio\Videojocs\2DGame\02-Bubble\02-Bubble\Player.cpp(120,37): warning C4244:         ]
C:\Users\ebove\OneDrive\Escritorio\Videojocs\2DGame\02-Bubble\02-Bubble\Player.cpp(124,37): warning C4244: '-=': conversión de 'double' a 'T'; posible pérdida de datos
C:\Users\ebove\OneDrive\Escritorio\Videojocs\2DGame\02-Bubble\02-Bubble\Player.cpp(124,37): warning C4244:         with
C:\Users\ebove\OneDrive\Escritorio\Videojocs\2DGame\02-Bubble\02-Bubble\Player.cpp(124,37): warning C4244:         [
C:\Users\ebove\OneDrive\Escritorio\Videojocs\2DGame\02-Bubble\02-Bubble\Player.cpp(124,37): warning C4244:             T=int
C:\Users\ebove\OneDrive\Escritorio\Videojocs\2DGame\02-Bubble\02-Bubble\Player.cpp(124,37): warning C4244:         ]
C:\Users\ebove\OneDrive\Escritorio\Videojocs\2DGame\02-Bubble\02-Bubble\Player.cpp(129,37): warning C4244: '-=': conversión de 'double' a 'T'; posible pérdida de datos
C:\Users\ebove\OneDrive\Escritorio\Videojocs\2DGame\02-Bubble\02-Bubble\Player.cpp(129,37): warning C4244:         with
C:\Users\ebove\OneDrive\Escritorio\Videojocs\2DGame\02-Bubble\02-Bubble\Player.cpp(129,37): warning C4244:         [
C:\Users\ebove\OneDrive\Escritorio\Videojocs\2DGame\02-Bubble\02-Bubble\Player.cpp(129,37): warning C4244:             T=int
C:\Users\ebove\OneDrive\Escritorio\Videojocs\2DGame\02-Bubble\02-Bubble\Player.cpp(129,37): warning C4244:         ]
C:\Users\ebove\OneDrive\Escritorio\Videojocs\2DGame\02-Bubble\02-Bubble\Player.cpp(136,37): warning C4244: '-=': conversión de 'double' a 'T'; posible pérdida de datos
C:\Users\ebove\OneDrive\Escritorio\Videojocs\2DGame\02-Bubble\02-Bubble\Player.cpp(136,37): warning C4244:         with
C:\Users\ebove\OneDrive\Escritorio\Videojocs\2DGame\02-Bubble\02-Bubble\Player.cpp(136,37): warning C4244:         [
C:\Users\ebove\OneDrive\Escritorio\Videojocs\2DGame\02-Bubble\02-Bubble\Player.cpp(136,37): warning C4244:             T=int
C:\Users\ebove\OneDrive\Escritorio\Videojocs\2DGame\02-Bubble\02-Bubble\Player.cpp(136,37): warning C4244:         ]
C:\Users\ebove\OneDrive\Escritorio\Videojocs\2DGame\02-Bubble\02-Bubble\Player.cpp(140,37): warning C4244: '+=': conversión de 'double' a 'T'; posible pérdida de datos
C:\Users\ebove\OneDrive\Escritorio\Videojocs\2DGame\02-Bubble\02-Bubble\Player.cpp(140,37): warning C4244:         with
C:\Users\ebove\OneDrive\Escritorio\Videojocs\2DGame\02-Bubble\02-Bubble\Player.cpp(140,37): warning C4244:         [
C:\Users\ebove\OneDrive\Escritorio\Videojocs\2DGame\02-Bubble\02-Bubble\Player.cpp(140,37): warning C4244:             T=int
C:\Users\ebove\OneDrive\Escritorio\Videojocs\2DGame\02-Bubble\02-Bubble\Player.cpp(140,37): warning C4244:         ]
C:\Users\ebove\OneDrive\Escritorio\Videojocs\2DGame\02-Bubble\02-Bubble\Player.cpp(145,37): warning C4244: '+=': conversión de 'double' a 'T'; posible pérdida de datos
C:\Users\ebove\OneDrive\Escritorio\Videojocs\2DGame\02-Bubble\02-Bubble\Player.cpp(145,37): warning C4244:         with
C:\Users\ebove\OneDrive\Escritorio\Videojocs\2DGame\02-Bubble\02-Bubble\Player.cpp(145,37): warning C4244:         [
C:\Users\ebove\OneDrive\Escritorio\Videojocs\2DGame\02-Bubble\02-Bubble\Player.cpp(145,37): warning C4244:             T=int
C:\Users\ebove\OneDrive\Escritorio\Videojocs\2DGame\02-Bubble\02-Bubble\Player.cpp(145,37): warning C4244:         ]
SOIL.lib(SOIL.obj) : warning LNK4075: se omite '/EDITANDCONTINUE' debido a la especificación '/OPT:ICF'
LINK : warning LNK4098: la biblioteca predeterminada'MSVCRTD' entra en conflicto con otras bibliotecas; use la biblioteca /NODEFAULTLIB:biblioteca
  Generando código
  4 of 486 functions ( 0.8%) were compiled, the rest were copied from previous compilation.
    0 functions were new in current compilation
    8 functions had inline decision re-evaluated but remain unchanged
  Generación de código finalizada
SOIL.lib(image_DXT.obj) : warning LNK4099: no se encontró PDB 'vc100.pdb' con 'SOIL.lib(image_DXT.obj)' o en 'C:\Users\ebove\OneDrive\Escritorio\Videojocs\2DGame\02-Bubble\Release\vc100.pdb'; se vinculará el objeto sin tener en cuenta información de depuración
SOIL.lib(image_helper.obj) : warning LNK4099: no se encontró PDB 'vc100.pdb' con 'SOIL.lib(image_helper.obj)' o en 'C:\Users\ebove\OneDrive\Escritorio\Videojocs\2DGame\02-Bubble\Release\vc100.pdb'; se vinculará el objeto sin tener en cuenta información de depuración
SOIL.lib(SOIL.obj) : warning LNK4099: no se encontró PDB 'vc100.pdb' con 'SOIL.lib(SOIL.obj)' o en 'C:\Users\ebove\OneDrive\Escritorio\Videojocs\2DGame\02-Bubble\Release\vc100.pdb'; se vinculará el objeto sin tener en cuenta información de depuración
SOIL.lib(stb_image_aug.obj) : warning LNK4099: no se encontró PDB 'vc100.pdb' con 'SOIL.lib(stb_image_aug.obj)' o en 'C:\Users\ebove\OneDrive\Escritorio\Videojocs\2DGame\02-Bubble\Release\vc100.pdb'; se vinculará el objeto sin tener en cuenta información de depuración
  02-Bubble.vcxproj -> C:\Users\ebove\OneDrive\Escritorio\Videojocs\2DGame\02-Bubble\Release\02-Bubble.exe
