c:\users\mique\source\repos\kalicot\videojocs\2dgame\02-bubble\02-bubble\release\vc142.pdb
c:\users\mique\source\repos\kalicot\videojocs\2dgame\02-bubble\02-bubble\release\texturedquad.obj
c:\users\mique\source\repos\kalicot\videojocs\2dgame\02-bubble\02-bubble\release\texture.obj
c:\users\mique\source\repos\kalicot\videojocs\2dgame\02-bubble\02-bubble\release\text.obj
c:\users\mique\source\repos\kalicot\videojocs\2dgame\02-bubble\02-bubble\release\sprite.obj
c:\users\mique\source\repos\kalicot\videojocs\2dgame\02-bubble\02-bubble\release\spreadgunbuff.obj
c:\users\mique\source\repos\kalicot\videojocs\2dgame\02-bubble\02-bubble\release\sphere.obj
c:\users\mique\source\repos\kalicot\videojocs\2dgame\02-bubble\02-bubble\release\shaderprogram.obj
c:\users\mique\source\repos\kalicot\videojocs\2dgame\02-bubble\02-bubble\release\shader.obj
c:\users\mique\source\repos\kalicot\videojocs\2dgame\02-bubble\02-bubble\release\scene.obj
c:\users\mique\source\repos\kalicot\videojocs\2dgame\02-bubble\02-bubble\release\player.obj
c:\users\mique\source\repos\kalicot\videojocs\2dgame\02-bubble\02-bubble\release\menu.obj
c:\users\mique\source\repos\kalicot\videojocs\2dgame\02-bubble\02-bubble\release\main.obj
c:\users\mique\source\repos\kalicot\videojocs\2dgame\02-bubble\02-bubble\release\lakitu.obj
c:\users\mique\source\repos\kalicot\videojocs\2dgame\02-bubble\02-bubble\release\koopa.obj
c:\users\mique\source\repos\kalicot\videojocs\2dgame\02-bubble\02-bubble\release\hammerbros.obj
c:\users\mique\source\repos\kalicot\videojocs\2dgame\02-bubble\02-bubble\release\goomba.obj
c:\users\mique\source\repos\kalicot\videojocs\2dgame\02-bubble\02-bubble\release\game.obj
c:\users\mique\source\repos\kalicot\videojocs\2dgame\02-bubble\02-bubble\release\explosion.obj
c:\users\mique\source\repos\kalicot\videojocs\2dgame\02-bubble\02-bubble\release\block_interrogante.obj
c:\users\mique\source\repos\kalicot\videojocs\2dgame\02-bubble\02-bubble\release\balas.obj
c:\users\mique\source\repos\kalicot\videojocs\2dgame\02-bubble\02-bubble\release\tilemap.obj
c:\users\mique\source\repos\kalicot\videojocs\2dgame\02-bubble\02-bubble\release\02-bubble.tlog\cl.command.1.tlog
c:\users\mique\source\repos\kalicot\videojocs\2dgame\02-bubble\02-bubble\release\02-bubble.tlog\cl.read.1.tlog
c:\users\mique\source\repos\kalicot\videojocs\2dgame\02-bubble\02-bubble\release\02-bubble.tlog\cl.write.1.tlog
c:\users\mique\source\repos\kalicot\videojocs\2dgame\02-bubble\02-bubble\release\02-bubble.tlog\link.command.1.tlog
c:\users\mique\source\repos\kalicot\videojocs\2dgame\02-bubble\02-bubble\release\02-bubble.tlog\link.read.1.tlog
c:\users\mique\source\repos\kalicot\videojocs\2dgame\02-bubble\02-bubble\release\02-bubble.tlog\link.write.1.tlog
